[0.010s] Invoking command in '/home/alex/ros2_ws/src/tutorial_interfaces/build/tutorial_interfaces': CMAKE_PREFIX_PATH=/opt/ros/humble /usr/bin/cmake /home/alex/ros2_ws/src/tutorial_interfaces -DCMAKE_INSTALL_PREFIX=/home/alex/ros2_ws/src/tutorial_interfaces/install/tutorial_interfaces
[0.024s] -- Found ament_cmake: 1.3.10 (/opt/ros/humble/share/ament_cmake/cmake)
[0.173s] -- Found geometry_msgs: 4.2.4 (/opt/ros/humble/share/geometry_msgs/cmake)
[0.201s] -- Found rosidl_generator_c: 3.1.5 (/opt/ros/humble/share/rosidl_generator_c/cmake)
[0.203s] -- Found rosidl_adapter: 3.1.5 (/opt/ros/humble/share/rosidl_adapter/cmake)
[0.209s] -- Found rosidl_generator_cpp: 3.1.5 (/opt/ros/humble/share/rosidl_generator_cpp/cmake)
[0.220s] -- Using all available rosidl_typesupport_c: rosidl_typesupport_fastrtps_c;rosidl_typesupport_introspection_c
[0.234s] -- Using all available rosidl_typesupport_cpp: rosidl_typesupport_fastrtps_cpp;rosidl_typesupport_introspection_cpp
[0.272s] -- Found rosidl_default_generators: 1.2.0 (/opt/ros/humble/share/rosidl_default_generators/cmake)
[0.410s] [31mCMake Error at /opt/ros/humble/share/rosidl_adapter/cmake/rosidl_adapt_interfaces.cmake:59 (message):
[0.410s]   execute_process(/home/alex/miniconda3/bin/python3 -m rosidl_adapter
[0.410s]   --package-name tutorial_interfaces --arguments-file
[0.411s]   /home/alex/ros2_ws/src/tutorial_interfaces/build/tutorial_interfaces/rosidl_adapter__arguments__tutorial_interfaces.json
[0.411s]   --output-dir
[0.411s]   /home/alex/ros2_ws/src/tutorial_interfaces/build/tutorial_interfaces/rosidl_adapter/tutorial_interfaces
[0.411s]   --output-file
[0.411s]   /home/alex/ros2_ws/src/tutorial_interfaces/build/tutorial_interfaces/rosidl_adapter/tutorial_interfaces.idls)
[0.411s]   returned error code 1:
[0.411s] 
[0.411s]   Traceback (most recent call last):
[0.411s] 
[0.411s]     File "/usr/lib/python3.10/runpy.py", line 196, in _run_module_as_main
[0.411s]       return _run_code(code, main_globals, None,
[0.411s]     File "/usr/lib/python3.10/runpy.py", line 86, in _run_code
[0.412s]       exec(code, run_globals)
[0.412s]     File "/opt/ros/humble/local/lib/python3.10/dist-packages/rosidl_adapter/__main__.py", line 19, in <module>
[0.412s]       sys.exit(main())
[0.412s]     File "/opt/ros/humble/local/lib/python3.10/dist-packages/rosidl_adapter/main.py", line 53, in main
[0.412s]       abs_idl_file = convert_to_idl(
[0.412s]     File "/opt/ros/humble/local/lib/python3.10/dist-packages/rosidl_adapter/__init__.py", line 19, in convert_to_idl
[0.412s]       return convert_msg_to_idl(
[0.412s]     File "/opt/ros/humble/local/lib/python3.10/dist-packages/rosidl_adapter/msg/__init__.py", line 28, in convert_msg_to_idl
[0.412s]       msg = parse_message_string(package_name, input_file.stem, content)
[0.412s]     File "/opt/ros/humble/local/lib/python3.10/dist-packages/rosidl_adapter/parser.py", line 544, in parse_message_string
[0.412s]       msg = MessageSpecification(pkg_name, msg_name, fields, constants)
[0.412s]     File "/opt/ros/humble/local/lib/python3.10/dist-packages/rosidl_adapter/parser.py", line 388, in __init__
[0.412s]       self.base_type = BaseType(
[0.412s]     File "/opt/ros/humble/local/lib/python3.10/dist-packages/rosidl_adapter/parser.py", line 205, in __init__
[0.413s]       raise InvalidResourceName(
[0.413s] 
[0.413s]   rosidl_adapter.parser.InvalidResourceName: 'fullNameMessage' is an invalid
[0.413s]   message name.  It should have the pattern '^[A-Z][A-Za-z0-9]*$'
[0.413s] 
[0.413s] Call Stack (most recent call first):
[0.413s]   /opt/ros/humble/share/rosidl_cmake/cmake/rosidl_generate_interfaces.cmake:130 (rosidl_adapt_interfaces)
[0.413s]   CMakeLists.txt:12 (rosidl_generate_interfaces)
[0.413s] 
[0.413s] [0m
[0.413s] -- Configuring incomplete, errors occurred!
[0.413s] See also "/home/alex/ros2_ws/src/tutorial_interfaces/build/tutorial_interfaces/CMakeFiles/CMakeOutput.log".
[0.417s] Invoked command in '/home/alex/ros2_ws/src/tutorial_interfaces/build/tutorial_interfaces' returned '1': CMAKE_PREFIX_PATH=/opt/ros/humble /usr/bin/cmake /home/alex/ros2_ws/src/tutorial_interfaces -DCMAKE_INSTALL_PREFIX=/home/alex/ros2_ws/src/tutorial_interfaces/install/tutorial_interfaces
