[0.010s] Invoking command in '/home/alex/ros2_ws/src/tutorial_interfaces/build/tutorial_interfaces': CMAKE_PREFIX_PATH=/opt/ros/humble /usr/bin/cmake /home/alex/ros2_ws/src/tutorial_interfaces -DCMAKE_INSTALL_PREFIX=/home/alex/ros2_ws/src/tutorial_interfaces/install/tutorial_interfaces
[0.267s] -- The C compiler identification is GNU 11.4.0
[0.456s] -- The CXX compiler identification is GNU 11.4.0
[0.473s] -- Detecting C compiler ABI info
[0.585s] -- Detecting C compiler ABI info - done
[0.594s] -- Check for working C compiler: /usr/bin/cc - skipped
[0.600s] -- Detecting C compile features
[0.604s] -- Detecting C compile features - done
[0.620s] -- Detecting CXX compiler ABI info
[0.734s] -- Detecting CXX compiler ABI info - done
[0.744s] -- Check for working CXX compiler: /usr/bin/c++ - skipped
[0.744s] -- Detecting CXX compile features
[0.745s] -- Detecting CXX compile features - done
[0.752s] -- Found ament_cmake: 1.3.10 (/opt/ros/humble/share/ament_cmake/cmake)
[1.503s] -- Found Python3: /home/alex/miniconda3/bin/python3 (found version "3.10.15") found components: Interpreter 
[1.603s] -- Found geometry_msgs: 4.2.4 (/opt/ros/humble/share/geometry_msgs/cmake)
[1.637s] -- Found rosidl_generator_c: 3.1.5 (/opt/ros/humble/share/rosidl_generator_c/cmake)
[1.641s] -- Found rosidl_adapter: 3.1.5 (/opt/ros/humble/share/rosidl_adapter/cmake)
[1.649s] -- Found rosidl_generator_cpp: 3.1.5 (/opt/ros/humble/share/rosidl_generator_cpp/cmake)
[1.662s] -- Using all available rosidl_typesupport_c: rosidl_typesupport_fastrtps_c;rosidl_typesupport_introspection_c
[1.677s] -- Using all available rosidl_typesupport_cpp: rosidl_typesupport_fastrtps_cpp;rosidl_typesupport_introspection_cpp
[1.717s] -- Found rosidl_default_generators: 1.2.0 (/opt/ros/humble/share/rosidl_default_generators/cmake)
[1.846s] [31mCMake Error at /opt/ros/humble/share/rosidl_adapter/cmake/rosidl_adapt_interfaces.cmake:59 (message):
[1.846s]   execute_process(/home/alex/miniconda3/bin/python3 -m rosidl_adapter
[1.847s]   --package-name tutorial_interfaces --arguments-file
[1.847s]   /home/alex/ros2_ws/src/tutorial_interfaces/build/tutorial_interfaces/rosidl_adapter__arguments__tutorial_interfaces.json
[1.847s]   --output-dir
[1.847s]   /home/alex/ros2_ws/src/tutorial_interfaces/build/tutorial_interfaces/rosidl_adapter/tutorial_interfaces
[1.847s]   --output-file
[1.847s]   /home/alex/ros2_ws/src/tutorial_interfaces/build/tutorial_interfaces/rosidl_adapter/tutorial_interfaces.idls)
[1.848s]   returned error code 1:
[1.848s] 
[1.848s]   Traceback (most recent call last):
[1.848s] 
[1.848s]     File "/usr/lib/python3.10/runpy.py", line 196, in _run_module_as_main
[1.848s]       return _run_code(code, main_globals, None,
[1.848s]     File "/usr/lib/python3.10/runpy.py", line 86, in _run_code
[1.848s]       exec(code, run_globals)
[1.849s]     File "/opt/ros/humble/local/lib/python3.10/dist-packages/rosidl_adapter/__main__.py", line 19, in <module>
[1.849s]       sys.exit(main())
[1.849s]     File "/opt/ros/humble/local/lib/python3.10/dist-packages/rosidl_adapter/main.py", line 53, in main
[1.849s]       abs_idl_file = convert_to_idl(
[1.849s]     File "/opt/ros/humble/local/lib/python3.10/dist-packages/rosidl_adapter/__init__.py", line 19, in convert_to_idl
[1.849s]       return convert_msg_to_idl(
[1.849s]     File "/opt/ros/humble/local/lib/python3.10/dist-packages/rosidl_adapter/msg/__init__.py", line 28, in convert_msg_to_idl
[1.849s]       msg = parse_message_string(package_name, input_file.stem, content)
[1.850s]     File "/opt/ros/humble/local/lib/python3.10/dist-packages/rosidl_adapter/parser.py", line 544, in parse_message_string
[1.850s]       msg = MessageSpecification(pkg_name, msg_name, fields, constants)
[1.850s]     File "/opt/ros/humble/local/lib/python3.10/dist-packages/rosidl_adapter/parser.py", line 388, in __init__
[1.850s]       self.base_type = BaseType(
[1.850s]     File "/opt/ros/humble/local/lib/python3.10/dist-packages/rosidl_adapter/parser.py", line 205, in __init__
[1.850s]       raise InvalidResourceName(
[1.850s] 
[1.850s]   rosidl_adapter.parser.InvalidResourceName: 'fullNameMessage' is an invalid
[1.851s]   message name.  It should have the pattern '^[A-Z][A-Za-z0-9]*$'
[1.851s] 
[1.851s] Call Stack (most recent call first):
[1.851s]   /opt/ros/humble/share/rosidl_cmake/cmake/rosidl_generate_interfaces.cmake:130 (rosidl_adapt_interfaces)
[1.851s]   CMakeLists.txt:12 (rosidl_generate_interfaces)
[1.851s] 
[1.851s] [0m
[1.851s] -- Configuring incomplete, errors occurred!
[1.852s] See also "/home/alex/ros2_ws/src/tutorial_interfaces/build/tutorial_interfaces/CMakeFiles/CMakeOutput.log".
[1.856s] Invoked command in '/home/alex/ros2_ws/src/tutorial_interfaces/build/tutorial_interfaces' returned '1': CMAKE_PREFIX_PATH=/opt/ros/humble /usr/bin/cmake /home/alex/ros2_ws/src/tutorial_interfaces -DCMAKE_INSTALL_PREFIX=/home/alex/ros2_ws/src/tutorial_interfaces/install/tutorial_interfaces
