[0.117s] DEBUG:colcon:Command line arguments: ['/usr/bin/colcon', 'build', '--packages-select', 'text_to_cmd_vel']
[0.117s] DEBUG:colcon:Parsed command line arguments: Namespace(log_base=None, log_level=None, verb_name='build', build_base='build', install_base='install', merge_install=False, symlink_install=False, test_result_base=None, continue_on_error=False, executor='parallel', parallel_workers=8, event_handlers=None, ignore_user_meta=False, metas=['./colcon.meta'], base_paths=['.'], packages_ignore=None, packages_ignore_regex=None, paths=None, packages_up_to=None, packages_up_to_regex=None, packages_above=None, packages_above_and_dependencies=None, packages_above_depth=None, packages_select_by_dep=None, packages_skip_by_dep=None, packages_skip_up_to=None, packages_select_build_failed=False, packages_skip_build_finished=False, packages_select_test_failures=False, packages_skip_test_passed=False, packages_select=['text_to_cmd_vel'], packages_skip=None, packages_select_regex=None, packages_skip_regex=None, packages_start=None, packages_end=None, allow_overriding=[], cmake_args=None, cmake_target=None, cmake_target_skip_unavailable=False, cmake_clean_cache=False, cmake_clean_first=False, cmake_force_configure=False, ament_cmake_args=None, catkin_cmake_args=None, catkin_skip_building_tests=False, verb_parser=<colcon_defaults.argument_parser.defaults.DefaultArgumentsDecorator object at 0x752ed594df90>, verb_extension=<colcon_core.verb.build.BuildVerb object at 0x752ed5904520>, main=<bound method BuildVerb.main of <colcon_core.verb.build.BuildVerb object at 0x752ed5904520>>)
[0.368s] Level 1:colcon.colcon_core.package_discovery:discover_packages(colcon_meta) check parameters
[0.368s] Level 1:colcon.colcon_core.package_discovery:discover_packages(recursive) check parameters
[0.368s] Level 1:colcon.colcon_core.package_discovery:discover_packages(ignore) check parameters
[0.368s] Level 1:colcon.colcon_core.package_discovery:discover_packages(path) check parameters
[0.368s] Level 1:colcon.colcon_core.package_discovery:discover_packages(colcon_meta) discover
[0.368s] Level 1:colcon.colcon_core.package_discovery:discover_packages(recursive) discover
[0.368s] INFO:colcon.colcon_core.package_discovery:Crawling recursively for packages in '/home/alex/robot/ros/ROSNSU/lab2'
[0.368s] Level 1:colcon.colcon_core.package_identification:_identify(.) by extensions ['ignore', 'ignore_ament_install']
[0.368s] Level 1:colcon.colcon_core.package_identification:_identify(.) by extension 'ignore'
[0.368s] Level 1:colcon.colcon_core.package_identification:_identify(.) by extension 'ignore_ament_install'
[0.368s] Level 1:colcon.colcon_core.package_identification:_identify(.) by extensions ['colcon_pkg']
[0.368s] Level 1:colcon.colcon_core.package_identification:_identify(.) by extension 'colcon_pkg'
[0.369s] Level 1:colcon.colcon_core.package_identification:_identify(.) by extensions ['colcon_meta']
[0.369s] Level 1:colcon.colcon_core.package_identification:_identify(.) by extension 'colcon_meta'
[0.369s] Level 1:colcon.colcon_core.package_identification:_identify(.) by extensions ['ros']
[0.369s] Level 1:colcon.colcon_core.package_identification:_identify(.) by extension 'ros'
[0.386s] Level 1:colcon.colcon_core.package_identification:_identify(.) by extensions ['cmake', 'python']
[0.386s] Level 1:colcon.colcon_core.package_identification:_identify(.) by extension 'cmake'
[0.386s] Level 1:colcon.colcon_core.package_identification:_identify(.) by extension 'python'
[0.386s] Level 1:colcon.colcon_core.package_identification:_identify(.) by extensions ['python_setup_py']
[0.386s] Level 1:colcon.colcon_core.package_identification:_identify(.) by extension 'python_setup_py'
[0.387s] Level 1:colcon.colcon_core.package_identification:_identify(build) by extensions ['ignore', 'ignore_ament_install']
[0.387s] Level 1:colcon.colcon_core.package_identification:_identify(build) by extension 'ignore'
[0.387s] Level 1:colcon.colcon_core.package_identification:_identify(build) ignored
[0.387s] Level 1:colcon.colcon_core.package_identification:_identify(ex01) by extensions ['ignore', 'ignore_ament_install']
[0.387s] Level 1:colcon.colcon_core.package_identification:_identify(ex01) by extension 'ignore'
[0.387s] Level 1:colcon.colcon_core.package_identification:_identify(ex01) by extension 'ignore_ament_install'
[0.387s] Level 1:colcon.colcon_core.package_identification:_identify(ex01) by extensions ['colcon_pkg']
[0.387s] Level 1:colcon.colcon_core.package_identification:_identify(ex01) by extension 'colcon_pkg'
[0.387s] Level 1:colcon.colcon_core.package_identification:_identify(ex01) by extensions ['colcon_meta']
[0.387s] Level 1:colcon.colcon_core.package_identification:_identify(ex01) by extension 'colcon_meta'
[0.387s] Level 1:colcon.colcon_core.package_identification:_identify(ex01) by extensions ['ros']
[0.387s] Level 1:colcon.colcon_core.package_identification:_identify(ex01) by extension 'ros'
[0.388s] Level 1:colcon.colcon_core.package_identification:_identify(ex01) by extensions ['cmake', 'python']
[0.388s] Level 1:colcon.colcon_core.package_identification:_identify(ex01) by extension 'cmake'
[0.388s] Level 1:colcon.colcon_core.package_identification:_identify(ex01) by extension 'python'
[0.388s] Level 1:colcon.colcon_core.package_identification:_identify(ex01) by extensions ['python_setup_py']
[0.388s] Level 1:colcon.colcon_core.package_identification:_identify(ex01) by extension 'python_setup_py'
[0.388s] Level 1:colcon.colcon_core.package_identification:_identify(ex02) by extensions ['ignore', 'ignore_ament_install']
[0.388s] Level 1:colcon.colcon_core.package_identification:_identify(ex02) by extension 'ignore'
[0.388s] Level 1:colcon.colcon_core.package_identification:_identify(ex02) by extension 'ignore_ament_install'
[0.388s] Level 1:colcon.colcon_core.package_identification:_identify(ex02) by extensions ['colcon_pkg']
[0.388s] Level 1:colcon.colcon_core.package_identification:_identify(ex02) by extension 'colcon_pkg'
[0.388s] Level 1:colcon.colcon_core.package_identification:_identify(ex02) by extensions ['colcon_meta']
[0.388s] Level 1:colcon.colcon_core.package_identification:_identify(ex02) by extension 'colcon_meta'
[0.388s] Level 1:colcon.colcon_core.package_identification:_identify(ex02) by extensions ['ros']
[0.388s] Level 1:colcon.colcon_core.package_identification:_identify(ex02) by extension 'ros'
[0.388s] Level 1:colcon.colcon_core.package_identification:_identify(ex02) by extensions ['cmake', 'python']
[0.388s] Level 1:colcon.colcon_core.package_identification:_identify(ex02) by extension 'cmake'
[0.388s] Level 1:colcon.colcon_core.package_identification:_identify(ex02) by extension 'python'
[0.389s] Level 1:colcon.colcon_core.package_identification:_identify(ex02) by extensions ['python_setup_py']
[0.389s] Level 1:colcon.colcon_core.package_identification:_identify(ex02) by extension 'python_setup_py'
[0.389s] Level 1:colcon.colcon_core.package_identification:_identify(ex03) by extensions ['ignore', 'ignore_ament_install']
[0.389s] Level 1:colcon.colcon_core.package_identification:_identify(ex03) by extension 'ignore'
[0.389s] Level 1:colcon.colcon_core.package_identification:_identify(ex03) by extension 'ignore_ament_install'
[0.389s] Level 1:colcon.colcon_core.package_identification:_identify(ex03) by extensions ['colcon_pkg']
[0.389s] Level 1:colcon.colcon_core.package_identification:_identify(ex03) by extension 'colcon_pkg'
[0.389s] Level 1:colcon.colcon_core.package_identification:_identify(ex03) by extensions ['colcon_meta']
[0.389s] Level 1:colcon.colcon_core.package_identification:_identify(ex03) by extension 'colcon_meta'
[0.389s] Level 1:colcon.colcon_core.package_identification:_identify(ex03) by extensions ['ros']
[0.389s] Level 1:colcon.colcon_core.package_identification:_identify(ex03) by extension 'ros'
[0.389s] Level 1:colcon.colcon_core.package_identification:_identify(ex03) by extensions ['cmake', 'python']
[0.389s] Level 1:colcon.colcon_core.package_identification:_identify(ex03) by extension 'cmake'
[0.389s] Level 1:colcon.colcon_core.package_identification:_identify(ex03) by extension 'python'
[0.389s] Level 1:colcon.colcon_core.package_identification:_identify(ex03) by extensions ['python_setup_py']
[0.389s] Level 1:colcon.colcon_core.package_identification:_identify(ex03) by extension 'python_setup_py'
[0.390s] Level 1:colcon.colcon_core.package_identification:_identify(ex03/cpp_pubsub) by extensions ['ignore', 'ignore_ament_install']
[0.390s] Level 1:colcon.colcon_core.package_identification:_identify(ex03/cpp_pubsub) by extension 'ignore'
[0.390s] Level 1:colcon.colcon_core.package_identification:_identify(ex03/cpp_pubsub) by extension 'ignore_ament_install'
[0.390s] Level 1:colcon.colcon_core.package_identification:_identify(ex03/cpp_pubsub) by extensions ['colcon_pkg']
[0.390s] Level 1:colcon.colcon_core.package_identification:_identify(ex03/cpp_pubsub) by extension 'colcon_pkg'
[0.390s] Level 1:colcon.colcon_core.package_identification:_identify(ex03/cpp_pubsub) by extensions ['colcon_meta']
[0.390s] Level 1:colcon.colcon_core.package_identification:_identify(ex03/cpp_pubsub) by extension 'colcon_meta'
[0.390s] Level 1:colcon.colcon_core.package_identification:_identify(ex03/cpp_pubsub) by extensions ['ros']
[0.390s] Level 1:colcon.colcon_core.package_identification:_identify(ex03/cpp_pubsub) by extension 'ros'
[0.393s] DEBUG:colcon.colcon_core.package_identification:Package 'ex03/cpp_pubsub' with type 'ros.ament_cmake' and name 'cpp_pubsub'
[0.393s] Level 1:colcon.colcon_core.package_identification:_identify(ex03/my_package) by extensions ['ignore', 'ignore_ament_install']
[0.393s] Level 1:colcon.colcon_core.package_identification:_identify(ex03/my_package) by extension 'ignore'
[0.393s] Level 1:colcon.colcon_core.package_identification:_identify(ex03/my_package) by extension 'ignore_ament_install'
[0.393s] Level 1:colcon.colcon_core.package_identification:_identify(ex03/my_package) by extensions ['colcon_pkg']
[0.394s] Level 1:colcon.colcon_core.package_identification:_identify(ex03/my_package) by extension 'colcon_pkg'
[0.394s] Level 1:colcon.colcon_core.package_identification:_identify(ex03/my_package) by extensions ['colcon_meta']
[0.394s] Level 1:colcon.colcon_core.package_identification:_identify(ex03/my_package) by extension 'colcon_meta'
[0.394s] Level 1:colcon.colcon_core.package_identification:_identify(ex03/my_package) by extensions ['ros']
[0.394s] Level 1:colcon.colcon_core.package_identification:_identify(ex03/my_package) by extension 'ros'
[0.394s] DEBUG:colcon.colcon_core.package_identification:Package 'ex03/my_package' with type 'ros.ament_cmake' and name 'my_package'
[0.394s] Level 1:colcon.colcon_core.package_identification:_identify(ex04) by extensions ['ignore', 'ignore_ament_install']
[0.395s] Level 1:colcon.colcon_core.package_identification:_identify(ex04) by extension 'ignore'
[0.395s] Level 1:colcon.colcon_core.package_identification:_identify(ex04) by extension 'ignore_ament_install'
[0.395s] Level 1:colcon.colcon_core.package_identification:_identify(ex04) by extensions ['colcon_pkg']
[0.395s] Level 1:colcon.colcon_core.package_identification:_identify(ex04) by extension 'colcon_pkg'
[0.395s] Level 1:colcon.colcon_core.package_identification:_identify(ex04) by extensions ['colcon_meta']
[0.395s] Level 1:colcon.colcon_core.package_identification:_identify(ex04) by extension 'colcon_meta'
[0.395s] Level 1:colcon.colcon_core.package_identification:_identify(ex04) by extensions ['ros']
[0.395s] Level 1:colcon.colcon_core.package_identification:_identify(ex04) by extension 'ros'
[0.395s] Level 1:colcon.colcon_core.package_identification:_identify(ex04) by extensions ['cmake', 'python']
[0.395s] Level 1:colcon.colcon_core.package_identification:_identify(ex04) by extension 'cmake'
[0.395s] Level 1:colcon.colcon_core.package_identification:_identify(ex04) by extension 'python'
[0.395s] Level 1:colcon.colcon_core.package_identification:_identify(ex04) by extensions ['python_setup_py']
[0.395s] Level 1:colcon.colcon_core.package_identification:_identify(ex04) by extension 'python_setup_py'
[0.395s] Level 1:colcon.colcon_core.package_identification:_identify(ex05) by extensions ['ignore', 'ignore_ament_install']
[0.395s] Level 1:colcon.colcon_core.package_identification:_identify(ex05) by extension 'ignore'
[0.396s] Level 1:colcon.colcon_core.package_identification:_identify(ex05) by extension 'ignore_ament_install'
[0.396s] Level 1:colcon.colcon_core.package_identification:_identify(ex05) by extensions ['colcon_pkg']
[0.396s] Level 1:colcon.colcon_core.package_identification:_identify(ex05) by extension 'colcon_pkg'
[0.396s] Level 1:colcon.colcon_core.package_identification:_identify(ex05) by extensions ['colcon_meta']
[0.396s] Level 1:colcon.colcon_core.package_identification:_identify(ex05) by extension 'colcon_meta'
[0.396s] Level 1:colcon.colcon_core.package_identification:_identify(ex05) by extensions ['ros']
[0.396s] Level 1:colcon.colcon_core.package_identification:_identify(ex05) by extension 'ros'
[0.396s] Level 1:colcon.colcon_core.package_identification:_identify(ex05) by extensions ['cmake', 'python']
[0.396s] Level 1:colcon.colcon_core.package_identification:_identify(ex05) by extension 'cmake'
[0.396s] Level 1:colcon.colcon_core.package_identification:_identify(ex05) by extension 'python'
[0.396s] Level 1:colcon.colcon_core.package_identification:_identify(ex05) by extensions ['python_setup_py']
[0.396s] Level 1:colcon.colcon_core.package_identification:_identify(ex05) by extension 'python_setup_py'
[0.396s] Level 1:colcon.colcon_core.package_identification:_identify(ex06) by extensions ['ignore', 'ignore_ament_install']
[0.396s] Level 1:colcon.colcon_core.package_identification:_identify(ex06) by extension 'ignore'
[0.396s] Level 1:colcon.colcon_core.package_identification:_identify(ex06) by extension 'ignore_ament_install'
[0.396s] Level 1:colcon.colcon_core.package_identification:_identify(ex06) by extensions ['colcon_pkg']
[0.397s] Level 1:colcon.colcon_core.package_identification:_identify(ex06) by extension 'colcon_pkg'
[0.397s] Level 1:colcon.colcon_core.package_identification:_identify(ex06) by extensions ['colcon_meta']
[0.397s] Level 1:colcon.colcon_core.package_identification:_identify(ex06) by extension 'colcon_meta'
[0.397s] Level 1:colcon.colcon_core.package_identification:_identify(ex06) by extensions ['ros']
[0.397s] Level 1:colcon.colcon_core.package_identification:_identify(ex06) by extension 'ros'
[0.397s] Level 1:colcon.colcon_core.package_identification:_identify(ex06) by extensions ['cmake', 'python']
[0.397s] Level 1:colcon.colcon_core.package_identification:_identify(ex06) by extension 'cmake'
[0.397s] Level 1:colcon.colcon_core.package_identification:_identify(ex06) by extension 'python'
[0.397s] Level 1:colcon.colcon_core.package_identification:_identify(ex06) by extensions ['python_setup_py']
[0.397s] Level 1:colcon.colcon_core.package_identification:_identify(ex06) by extension 'python_setup_py'
[0.397s] Level 1:colcon.colcon_core.package_identification:_identify(ex07) by extensions ['ignore', 'ignore_ament_install']
[0.397s] Level 1:colcon.colcon_core.package_identification:_identify(ex07) by extension 'ignore'
[0.397s] Level 1:colcon.colcon_core.package_identification:_identify(ex07) by extension 'ignore_ament_install'
[0.397s] Level 1:colcon.colcon_core.package_identification:_identify(ex07) by extensions ['colcon_pkg']
[0.397s] Level 1:colcon.colcon_core.package_identification:_identify(ex07) by extension 'colcon_pkg'
[0.397s] Level 1:colcon.colcon_core.package_identification:_identify(ex07) by extensions ['colcon_meta']
[0.397s] Level 1:colcon.colcon_core.package_identification:_identify(ex07) by extension 'colcon_meta'
[0.398s] Level 1:colcon.colcon_core.package_identification:_identify(ex07) by extensions ['ros']
[0.398s] Level 1:colcon.colcon_core.package_identification:_identify(ex07) by extension 'ros'
[0.398s] Level 1:colcon.colcon_core.package_identification:_identify(ex07) by extensions ['cmake', 'python']
[0.398s] Level 1:colcon.colcon_core.package_identification:_identify(ex07) by extension 'cmake'
[0.398s] Level 1:colcon.colcon_core.package_identification:_identify(ex07) by extension 'python'
[0.398s] Level 1:colcon.colcon_core.package_identification:_identify(ex07) by extensions ['python_setup_py']
[0.398s] Level 1:colcon.colcon_core.package_identification:_identify(ex07) by extension 'python_setup_py'
[0.398s] Level 1:colcon.colcon_core.package_identification:_identify(ex08) by extensions ['ignore', 'ignore_ament_install']
[0.398s] Level 1:colcon.colcon_core.package_identification:_identify(ex08) by extension 'ignore'
[0.398s] Level 1:colcon.colcon_core.package_identification:_identify(ex08) by extension 'ignore_ament_install'
[0.398s] Level 1:colcon.colcon_core.package_identification:_identify(ex08) by extensions ['colcon_pkg']
[0.398s] Level 1:colcon.colcon_core.package_identification:_identify(ex08) by extension 'colcon_pkg'
[0.398s] Level 1:colcon.colcon_core.package_identification:_identify(ex08) by extensions ['colcon_meta']
[0.398s] Level 1:colcon.colcon_core.package_identification:_identify(ex08) by extension 'colcon_meta'
[0.398s] Level 1:colcon.colcon_core.package_identification:_identify(ex08) by extensions ['ros']
[0.398s] Level 1:colcon.colcon_core.package_identification:_identify(ex08) by extension 'ros'
[0.399s] Level 1:colcon.colcon_core.package_identification:_identify(ex08) by extensions ['cmake', 'python']
[0.399s] Level 1:colcon.colcon_core.package_identification:_identify(ex08) by extension 'cmake'
[0.399s] Level 1:colcon.colcon_core.package_identification:_identify(ex08) by extension 'python'
[0.399s] Level 1:colcon.colcon_core.package_identification:_identify(ex08) by extensions ['python_setup_py']
[0.399s] Level 1:colcon.colcon_core.package_identification:_identify(ex08) by extension 'python_setup_py'
[0.399s] Level 1:colcon.colcon_core.package_identification:_identify(ex09) by extensions ['ignore', 'ignore_ament_install']
[0.399s] Level 1:colcon.colcon_core.package_identification:_identify(ex09) by extension 'ignore'
[0.399s] Level 1:colcon.colcon_core.package_identification:_identify(ex09) by extension 'ignore_ament_install'
[0.399s] Level 1:colcon.colcon_core.package_identification:_identify(ex09) by extensions ['colcon_pkg']
[0.399s] Level 1:colcon.colcon_core.package_identification:_identify(ex09) by extension 'colcon_pkg'
[0.399s] Level 1:colcon.colcon_core.package_identification:_identify(ex09) by extensions ['colcon_meta']
[0.399s] Level 1:colcon.colcon_core.package_identification:_identify(ex09) by extension 'colcon_meta'
[0.399s] Level 1:colcon.colcon_core.package_identification:_identify(ex09) by extensions ['ros']
[0.399s] Level 1:colcon.colcon_core.package_identification:_identify(ex09) by extension 'ros'
[0.399s] Level 1:colcon.colcon_core.package_identification:_identify(ex09) by extensions ['cmake', 'python']
[0.399s] Level 1:colcon.colcon_core.package_identification:_identify(ex09) by extension 'cmake'
[0.400s] Level 1:colcon.colcon_core.package_identification:_identify(ex09) by extension 'python'
[0.400s] Level 1:colcon.colcon_core.package_identification:_identify(ex09) by extensions ['python_setup_py']
[0.400s] Level 1:colcon.colcon_core.package_identification:_identify(ex09) by extension 'python_setup_py'
[0.400s] Level 1:colcon.colcon_core.package_identification:_identify(ex09/tutorial_interfaces) by extensions ['ignore', 'ignore_ament_install']
[0.400s] Level 1:colcon.colcon_core.package_identification:_identify(ex09/tutorial_interfaces) by extension 'ignore'
[0.400s] Level 1:colcon.colcon_core.package_identification:_identify(ex09/tutorial_interfaces) by extension 'ignore_ament_install'
[0.400s] Level 1:colcon.colcon_core.package_identification:_identify(ex09/tutorial_interfaces) by extensions ['colcon_pkg']
[0.400s] Level 1:colcon.colcon_core.package_identification:_identify(ex09/tutorial_interfaces) by extension 'colcon_pkg'
[0.400s] Level 1:colcon.colcon_core.package_identification:_identify(ex09/tutorial_interfaces) by extensions ['colcon_meta']
[0.400s] Level 1:colcon.colcon_core.package_identification:_identify(ex09/tutorial_interfaces) by extension 'colcon_meta'
[0.400s] Level 1:colcon.colcon_core.package_identification:_identify(ex09/tutorial_interfaces) by extensions ['ros']
[0.400s] Level 1:colcon.colcon_core.package_identification:_identify(ex09/tutorial_interfaces) by extension 'ros'
[0.401s] DEBUG:colcon.colcon_core.package_identification:Package 'ex09/tutorial_interfaces' with type 'ros.ament_cmake' and name 'tutorial_interfaces'
[0.401s] Level 1:colcon.colcon_core.package_identification:_identify(ex10) by extensions ['ignore', 'ignore_ament_install']
[0.401s] Level 1:colcon.colcon_core.package_identification:_identify(ex10) by extension 'ignore'
[0.401s] Level 1:colcon.colcon_core.package_identification:_identify(ex10) by extension 'ignore_ament_install'
[0.401s] Level 1:colcon.colcon_core.package_identification:_identify(ex10) by extensions ['colcon_pkg']
[0.401s] Level 1:colcon.colcon_core.package_identification:_identify(ex10) by extension 'colcon_pkg'
[0.401s] Level 1:colcon.colcon_core.package_identification:_identify(ex10) by extensions ['colcon_meta']
[0.401s] Level 1:colcon.colcon_core.package_identification:_identify(ex10) by extension 'colcon_meta'
[0.401s] Level 1:colcon.colcon_core.package_identification:_identify(ex10) by extensions ['ros']
[0.402s] Level 1:colcon.colcon_core.package_identification:_identify(ex10) by extension 'ros'
[0.402s] DEBUG:colcon.colcon_core.package_identification:Package 'ex10' with type 'ros.ament_python' and name 'text_to_cmd_vel'
[0.402s] Level 1:colcon.colcon_core.package_identification:_identify(install) by extensions ['ignore', 'ignore_ament_install']
[0.403s] Level 1:colcon.colcon_core.package_identification:_identify(install) by extension 'ignore'
[0.403s] Level 1:colcon.colcon_core.package_identification:_identify(install) ignored
[0.403s] Level 1:colcon.colcon_core.package_identification:_identify(log) by extensions ['ignore', 'ignore_ament_install']
[0.403s] Level 1:colcon.colcon_core.package_identification:_identify(log) by extension 'ignore'
[0.403s] Level 1:colcon.colcon_core.package_identification:_identify(log) ignored
[0.403s] Level 1:colcon.colcon_core.package_discovery:discover_packages(recursive) using defaults
[0.403s] Level 1:colcon.colcon_core.package_discovery:discover_packages(ignore) discover
[0.403s] Level 1:colcon.colcon_core.package_discovery:discover_packages(ignore) using defaults
[0.403s] Level 1:colcon.colcon_core.package_discovery:discover_packages(path) discover
[0.403s] Level 1:colcon.colcon_core.package_discovery:discover_packages(path) using defaults
[0.425s] INFO:colcon.colcon_core.package_selection:Skipping not selected package 'cpp_pubsub' in 'ex03/cpp_pubsub'
[0.425s] INFO:colcon.colcon_core.package_selection:Skipping not selected package 'my_package' in 'ex03/my_package'
[0.425s] INFO:colcon.colcon_core.package_selection:Skipping not selected package 'tutorial_interfaces' in 'ex09/tutorial_interfaces'
[0.426s] Level 1:colcon.colcon_core.package_discovery:discover_packages(prefix_path) check parameters
[0.426s] Level 1:colcon.colcon_core.package_discovery:discover_packages(prefix_path) discover
[0.428s] DEBUG:colcon.colcon_installed_package_information.package_discovery:Found 0 installed packages in /home/alex/robot/ros/ROSNSU/lab2/ex10/text_to_cmd_vel/install
[0.428s] DEBUG:colcon.colcon_installed_package_information.package_discovery:Found 7 installed packages in /home/alex/ros2_ws/install
[0.430s] DEBUG:colcon.colcon_installed_package_information.package_discovery:Found 270 installed packages in /opt/ros/humble
[0.431s] Level 1:colcon.colcon_core.package_discovery:discover_packages(prefix_path) using defaults
[0.469s] Level 5:colcon.colcon_core.verb:set package 'text_to_cmd_vel' build argument 'cmake_args' from command line to 'None'
[0.469s] Level 5:colcon.colcon_core.verb:set package 'text_to_cmd_vel' build argument 'cmake_target' from command line to 'None'
[0.469s] Level 5:colcon.colcon_core.verb:set package 'text_to_cmd_vel' build argument 'cmake_target_skip_unavailable' from command line to 'False'
[0.469s] Level 5:colcon.colcon_core.verb:set package 'text_to_cmd_vel' build argument 'cmake_clean_cache' from command line to 'False'
[0.469s] Level 5:colcon.colcon_core.verb:set package 'text_to_cmd_vel' build argument 'cmake_clean_first' from command line to 'False'
[0.469s] Level 5:colcon.colcon_core.verb:set package 'text_to_cmd_vel' build argument 'cmake_force_configure' from command line to 'False'
[0.469s] Level 5:colcon.colcon_core.verb:set package 'text_to_cmd_vel' build argument 'ament_cmake_args' from command line to 'None'
[0.469s] Level 5:colcon.colcon_core.verb:set package 'text_to_cmd_vel' build argument 'catkin_cmake_args' from command line to 'None'
[0.469s] Level 5:colcon.colcon_core.verb:set package 'text_to_cmd_vel' build argument 'catkin_skip_building_tests' from command line to 'False'
[0.469s] DEBUG:colcon.colcon_core.verb:Building package 'text_to_cmd_vel' with the following arguments: {'ament_cmake_args': None, 'build_base': '/home/alex/robot/ros/ROSNSU/lab2/build/text_to_cmd_vel', 'catkin_cmake_args': None, 'catkin_skip_building_tests': False, 'cmake_args': None, 'cmake_clean_cache': False, 'cmake_clean_first': False, 'cmake_force_configure': False, 'cmake_target': None, 'cmake_target_skip_unavailable': False, 'install_base': '/home/alex/robot/ros/ROSNSU/lab2/install/text_to_cmd_vel', 'merge_install': False, 'path': '/home/alex/robot/ros/ROSNSU/lab2/ex10', 'symlink_install': False, 'test_result_base': None}
[0.469s] INFO:colcon.colcon_core.executor:Executing jobs using 'parallel' executor
[0.470s] DEBUG:colcon.colcon_parallel_executor.executor.parallel:run_until_complete
[0.470s] INFO:colcon.colcon_ros.task.ament_python.build:Building ROS package in '/home/alex/robot/ros/ROSNSU/lab2/ex10' with build type 'ament_python'
[0.471s] Level 1:colcon.colcon_core.shell:create_environment_hook('text_to_cmd_vel', 'ament_prefix_path')
[0.473s] INFO:colcon.colcon_core.plugin_system:Skipping extension 'colcon_core.shell.bat': Not used on non-Windows systems
[0.473s] INFO:colcon.colcon_core.shell:Creating environment hook '/home/alex/robot/ros/ROSNSU/lab2/install/text_to_cmd_vel/share/text_to_cmd_vel/hook/ament_prefix_path.ps1'
[0.473s] INFO:colcon.colcon_core.shell:Creating environment descriptor '/home/alex/robot/ros/ROSNSU/lab2/install/text_to_cmd_vel/share/text_to_cmd_vel/hook/ament_prefix_path.dsv'
[0.474s] INFO:colcon.colcon_core.shell:Creating environment hook '/home/alex/robot/ros/ROSNSU/lab2/install/text_to_cmd_vel/share/text_to_cmd_vel/hook/ament_prefix_path.sh'
[0.475s] INFO:colcon.colcon_core.shell:Skip shell extension 'powershell' for command environment: Not usable outside of PowerShell
[0.475s] DEBUG:colcon.colcon_core.shell:Skip shell extension 'dsv' for command environment
[0.928s] INFO:colcon.colcon_core.task.python.build:Building Python package in '/home/alex/robot/ros/ROSNSU/lab2/ex10'
[0.929s] INFO:colcon.colcon_core.shell:Skip shell extension 'powershell' for command environment: Not usable outside of PowerShell
[0.929s] DEBUG:colcon.colcon_core.shell:Skip shell extension 'dsv' for command environment
[1.693s] DEBUG:colcon.colcon_core.event_handler.log_command:Invoking command in '/home/alex/robot/ros/ROSNSU/lab2/ex10': PYTHONPATH=/home/alex/robot/ros/ROSNSU/lab2/build/text_to_cmd_vel/prefix_override:/usr/lib/python3/dist-packages/colcon_core/task/python/colcon_distutils_commands:/home/alex/robot/ros/ROSNSU/lab2/install/text_to_cmd_vel/lib/python3.10/site-packages:${PYTHONPATH} /usr/bin/python3 -W ignore:setup.py install is deprecated setup.py egg_info --egg-base ../build/text_to_cmd_vel build --build-base /home/alex/robot/ros/ROSNSU/lab2/build/text_to_cmd_vel/build install --record /home/alex/robot/ros/ROSNSU/lab2/build/text_to_cmd_vel/install.log --single-version-externally-managed install_data
[2.431s] DEBUG:colcon.colcon_core.event_handler.log_command:Invoked command in '/home/alex/robot/ros/ROSNSU/lab2/ex10' returned '0': PYTHONPATH=/home/alex/robot/ros/ROSNSU/lab2/build/text_to_cmd_vel/prefix_override:/usr/lib/python3/dist-packages/colcon_core/task/python/colcon_distutils_commands:/home/alex/robot/ros/ROSNSU/lab2/install/text_to_cmd_vel/lib/python3.10/site-packages:${PYTHONPATH} /usr/bin/python3 -W ignore:setup.py install is deprecated setup.py egg_info --egg-base ../build/text_to_cmd_vel build --build-base /home/alex/robot/ros/ROSNSU/lab2/build/text_to_cmd_vel/build install --record /home/alex/robot/ros/ROSNSU/lab2/build/text_to_cmd_vel/install.log --single-version-externally-managed install_data
[2.433s] Level 1:colcon.colcon_core.environment:checking '/home/alex/robot/ros/ROSNSU/lab2/install/text_to_cmd_vel' for CMake module files
[2.434s] Level 1:colcon.colcon_core.environment:checking '/home/alex/robot/ros/ROSNSU/lab2/install/text_to_cmd_vel' for CMake config files
[2.435s] Level 1:colcon.colcon_core.environment:checking '/home/alex/robot/ros/ROSNSU/lab2/install/text_to_cmd_vel/lib'
[2.435s] Level 1:colcon.colcon_core.environment:checking '/home/alex/robot/ros/ROSNSU/lab2/install/text_to_cmd_vel/bin'
[2.435s] Level 1:colcon.colcon_core.environment:checking '/home/alex/robot/ros/ROSNSU/lab2/install/text_to_cmd_vel/lib/pkgconfig/text_to_cmd_vel.pc'
[2.435s] Level 1:colcon.colcon_core.environment:checking '/home/alex/robot/ros/ROSNSU/lab2/install/text_to_cmd_vel/lib/python3.10/site-packages'
[2.436s] Level 1:colcon.colcon_core.shell:create_environment_hook('text_to_cmd_vel', 'pythonpath')
[2.436s] INFO:colcon.colcon_core.shell:Creating environment hook '/home/alex/robot/ros/ROSNSU/lab2/install/text_to_cmd_vel/share/text_to_cmd_vel/hook/pythonpath.ps1'
[2.436s] INFO:colcon.colcon_core.shell:Creating environment descriptor '/home/alex/robot/ros/ROSNSU/lab2/install/text_to_cmd_vel/share/text_to_cmd_vel/hook/pythonpath.dsv'
[2.437s] INFO:colcon.colcon_core.shell:Creating environment hook '/home/alex/robot/ros/ROSNSU/lab2/install/text_to_cmd_vel/share/text_to_cmd_vel/hook/pythonpath.sh'
[2.437s] Level 1:colcon.colcon_core.environment:checking '/home/alex/robot/ros/ROSNSU/lab2/install/text_to_cmd_vel/bin'
[2.438s] Level 1:colcon.colcon_core.environment:create_environment_scripts_only(text_to_cmd_vel)
[2.438s] INFO:colcon.colcon_core.shell:Creating package script '/home/alex/robot/ros/ROSNSU/lab2/install/text_to_cmd_vel/share/text_to_cmd_vel/package.ps1'
[2.439s] INFO:colcon.colcon_core.shell:Creating package descriptor '/home/alex/robot/ros/ROSNSU/lab2/install/text_to_cmd_vel/share/text_to_cmd_vel/package.dsv'
[2.440s] INFO:colcon.colcon_core.shell:Creating package script '/home/alex/robot/ros/ROSNSU/lab2/install/text_to_cmd_vel/share/text_to_cmd_vel/package.sh'
[2.441s] INFO:colcon.colcon_core.shell:Creating package script '/home/alex/robot/ros/ROSNSU/lab2/install/text_to_cmd_vel/share/text_to_cmd_vel/package.bash'
[2.442s] INFO:colcon.colcon_core.shell:Creating package script '/home/alex/robot/ros/ROSNSU/lab2/install/text_to_cmd_vel/share/text_to_cmd_vel/package.zsh'
[2.442s] Level 1:colcon.colcon_core.environment:create_file_with_runtime_dependencies(/home/alex/robot/ros/ROSNSU/lab2/install/text_to_cmd_vel/share/colcon-core/packages/text_to_cmd_vel)
[2.443s] DEBUG:colcon.colcon_parallel_executor.executor.parallel:closing loop
[2.443s] DEBUG:colcon.colcon_parallel_executor.executor.parallel:loop closed
[2.443s] DEBUG:colcon.colcon_parallel_executor.executor.parallel:run_until_complete finished with '0'
[2.443s] DEBUG:colcon.colcon_core.event_reactor:joining thread
[2.450s] INFO:colcon.colcon_core.plugin_system:Skipping extension 'colcon_notification.desktop_notification.terminal_notifier': Not used on non-Darwin systems
[2.450s] INFO:colcon.colcon_core.plugin_system:Skipping extension 'colcon_notification.desktop_notification.win32': Not used on non-Windows systems
[2.450s] INFO:colcon.colcon_notification.desktop_notification:Sending desktop notification using 'notify2'
[2.465s] DEBUG:colcon.colcon_core.event_reactor:joined thread
[2.466s] INFO:colcon.colcon_core.shell:Creating prefix script '/home/alex/robot/ros/ROSNSU/lab2/install/local_setup.ps1'
[2.468s] INFO:colcon.colcon_core.shell:Creating prefix util module '/home/alex/robot/ros/ROSNSU/lab2/install/_local_setup_util_ps1.py'
[2.470s] INFO:colcon.colcon_core.shell:Creating prefix chain script '/home/alex/robot/ros/ROSNSU/lab2/install/setup.ps1'
[2.473s] INFO:colcon.colcon_core.shell:Creating prefix script '/home/alex/robot/ros/ROSNSU/lab2/install/local_setup.sh'
[2.476s] INFO:colcon.colcon_core.shell:Creating prefix util module '/home/alex/robot/ros/ROSNSU/lab2/install/_local_setup_util_sh.py'
[2.477s] INFO:colcon.colcon_core.shell:Creating prefix chain script '/home/alex/robot/ros/ROSNSU/lab2/install/setup.sh'
[2.479s] INFO:colcon.colcon_core.shell:Creating prefix script '/home/alex/robot/ros/ROSNSU/lab2/install/local_setup.bash'
[2.479s] INFO:colcon.colcon_core.shell:Creating prefix chain script '/home/alex/robot/ros/ROSNSU/lab2/install/setup.bash'
[2.481s] INFO:colcon.colcon_core.shell:Creating prefix script '/home/alex/robot/ros/ROSNSU/lab2/install/local_setup.zsh'
[2.481s] INFO:colcon.colcon_core.shell:Creating prefix chain script '/home/alex/robot/ros/ROSNSU/lab2/install/setup.zsh'
